[0m14:09:23.388519 [debug] [MainThread]: Sending event: {'category': 'dbt', 'action': 'invocation', 'label': 'start', 'context': [<snowplow_tracker.self_describing_json.SelfDescribingJson object at 0x00000200B3D7D8D0>, <snowplow_tracker.self_describing_json.SelfDescribingJson object at 0x00000200B3187C90>, <snowplow_tracker.self_describing_json.SelfDescribingJson object at 0x00000200B3D5A290>]}


============================== 14:09:23.391518 | 3ceb1d59-6e6b-4ffb-b9ef-a069394292b2 ==============================
[0m14:09:23.391518 [info ] [MainThread]: Running with dbt=1.7.14
[0m14:09:23.392519 [debug] [MainThread]: running dbt with arguments {'printer_width': '80', 'indirect_selection': 'eager', 'write_json': 'True', 'log_cache_events': 'False', 'partial_parse': 'True', 'cache_selected_only': 'False', 'profiles_dir': 'C:\\Users\\ericm\\.dbt', 'debug': 'False', 'warn_error': 'None', 'log_path': 'logs', 'version_check': 'True', 'fail_fast': 'False', 'use_colors': 'True', 'use_experimental_parser': 'False', 'no_print': 'None', 'quiet': 'False', 'log_format': 'default', 'static_parser': 'True', 'invocation_command': 'dbt init Dbt-Bigquery', 'introspect': 'True', 'target_path': 'None', 'warn_error_options': 'WarnErrorOptions(include=[], exclude=[])', 'send_anonymous_usage_stats': 'True'}
[0m14:10:55.233961 [debug] [MainThread]: Starter project path: C:\Dbt_BigQuery\Dbt-Bigquery_venv\Lib\site-packages\dbt\include\starter_project
[0m14:10:55.278964 [info ] [MainThread]: 
Your new dbt project "DbtBigquery" was created!

For more information on how to configure the profiles.yml file,
please consult the dbt documentation here:

  https://docs.getdbt.com/docs/configure-your-profile

One more thing:

Need help? Don't hesitate to reach out to us via GitHub issues or on Slack:

  https://community.getdbt.com/

Happy modeling!

[0m14:10:55.280963 [info ] [MainThread]: Setting up your profile.
[0m14:14:24.646443 [info ] [MainThread]: Profile DbtBigquery written to C:\Users\ericm\.dbt\profiles.yml using target's profile_template.yml and your supplied values. Run 'dbt debug' to validate the connection.
[0m14:14:24.648443 [debug] [MainThread]: Command `dbt init` succeeded at 14:14:24.648443 after 301.32 seconds
[0m14:14:24.649451 [debug] [MainThread]: Sending event: {'category': 'dbt', 'action': 'invocation', 'label': 'end', 'context': [<snowplow_tracker.self_describing_json.SelfDescribingJson object at 0x00000200B3D6A890>, <snowplow_tracker.self_describing_json.SelfDescribingJson object at 0x00000200B3D67F10>, <snowplow_tracker.self_describing_json.SelfDescribingJson object at 0x00000200B3D651D0>]}
[0m14:14:24.650443 [debug] [MainThread]: Flushing usage events
[0m11:08:11.019472 [debug] [MainThread]: Sending event: {'category': 'dbt', 'action': 'invocation', 'label': 'start', 'context': [<snowplow_tracker.self_describing_json.SelfDescribingJson object at 0x00000129FDC25110>, <snowplow_tracker.self_describing_json.SelfDescribingJson object at 0x00000129FDC0FE90>, <snowplow_tracker.self_describing_json.SelfDescribingJson object at 0x00000129FDC0D290>]}


============================== 11:08:11.024472 | 54db62d5-b0fc-412a-86cd-42d49fd6d14e ==============================
[0m11:08:11.024472 [info ] [MainThread]: Running with dbt=1.7.14
[0m11:08:11.024472 [debug] [MainThread]: running dbt with arguments {'printer_width': '80', 'indirect_selection': 'eager', 'write_json': 'True', 'log_cache_events': 'False', 'partial_parse': 'True', 'cache_selected_only': 'False', 'profiles_dir': 'C:\\Users\\ericm\\.dbt', 'debug': 'False', 'fail_fast': 'False', 'log_path': 'logs', 'version_check': 'True', 'warn_error': 'None', 'use_colors': 'True', 'use_experimental_parser': 'False', 'no_print': 'None', 'quiet': 'False', 'log_format': 'default', 'invocation_command': 'dbt debug', 'warn_error_options': 'WarnErrorOptions(include=[], exclude=[])', 'static_parser': 'True', 'target_path': 'None', 'introspect': 'True', 'send_anonymous_usage_stats': 'True'}
[0m11:08:11.025473 [info ] [MainThread]: dbt version: 1.7.14
[0m11:08:11.025473 [info ] [MainThread]: python version: 3.11.0
[0m11:08:11.026475 [info ] [MainThread]: python path: C:\Dbt_BigQuery\Dbt-Bigquery_venv\Scripts\python.exe
[0m11:08:11.026475 [info ] [MainThread]: os info: Windows-10-10.0.19045-SP0
[0m11:08:14.845693 [info ] [MainThread]: Using profiles dir at C:\Users\ericm\.dbt
[0m11:08:14.846689 [info ] [MainThread]: Using profiles.yml file at C:\Users\ericm\.dbt\profiles.yml
[0m11:08:14.847690 [info ] [MainThread]: Using dbt_project.yml file at C:\Dbt_BigQuery\dbt_project.yml
[0m11:08:14.849689 [info ] [MainThread]: adapter type: bigquery
[0m11:08:14.849689 [info ] [MainThread]: adapter version: 1.7.8
[0m11:08:14.849689 [info ] [MainThread]: Configuration:
[0m11:08:14.850687 [info ] [MainThread]:   profiles.yml file [[32mOK found and valid[0m]
[0m11:08:14.850687 [info ] [MainThread]:   dbt_project.yml file [[31mERROR not found[0m]
[0m11:08:14.851693 [info ] [MainThread]: Required dependencies:
[0m11:08:14.851693 [debug] [MainThread]: Executing "git --help"
[0m11:08:14.880840 [debug] [MainThread]: STDOUT: "b"usage: git [-v | --version] [-h | --help] [-C <path>] [-c <name>=<value>]\n           [--exec-path[=<path>]] [--html-path] [--man-path] [--info-path]\n           [-p | --paginate | -P | --no-pager] [--no-replace-objects] [--bare]\n           [--git-dir=<path>] [--work-tree=<path>] [--namespace=<name>]\n           [--config-env=<name>=<envvar>] <command> [<args>]\n\nThese are common Git commands used in various situations:\n\nstart a working area (see also: git help tutorial)\n   clone     Clone a repository into a new directory\n   init      Create an empty Git repository or reinitialize an existing one\n\nwork on the current change (see also: git help everyday)\n   add       Add file contents to the index\n   mv        Move or rename a file, a directory, or a symlink\n   restore   Restore working tree files\n   rm        Remove files from the working tree and from the index\n\nexamine the history and state (see also: git help revisions)\n   bisect    Use binary search to find the commit that introduced a bug\n   diff      Show changes between commits, commit and working tree, etc\n   grep      Print lines matching a pattern\n   log       Show commit logs\n   show      Show various types of objects\n   status    Show the working tree status\n\ngrow, mark and tweak your common history\n   branch    List, create, or delete branches\n   commit    Record changes to the repository\n   merge     Join two or more development histories together\n   rebase    Reapply commits on top of another base tip\n   reset     Reset current HEAD to the specified state\n   switch    Switch branches\n   tag       Create, list, delete or verify a tag object signed with GPG\n\ncollaborate (see also: git help workflows)\n   fetch     Download objects and refs from another repository\n   pull      Fetch from and integrate with another repository or a local branch\n   push      Update remote refs along with associated objects\n\n'git help -a' and 'git help -g' list available subcommands and some\nconcept guides. See 'git help <command>' or 'git help <concept>'\nto read about a specific subcommand or concept.\nSee 'git help git' for an overview of the system.\n""
[0m11:08:14.881837 [debug] [MainThread]: STDERR: "b''"
[0m11:08:14.881837 [info ] [MainThread]:  - git [[32mOK found[0m]

[0m11:08:14.882837 [info ] [MainThread]: Connection:
[0m11:08:14.882837 [info ] [MainThread]:   method: service-account
[0m11:08:14.883837 [info ] [MainThread]:   database: dbt-bigquery-422616
[0m11:08:14.883837 [info ] [MainThread]:   execution_project: dbt-bigquery-422616
[0m11:08:14.884837 [info ] [MainThread]:   schema: dbt-bigquery
[0m11:08:14.885838 [info ] [MainThread]:   location: US
[0m11:08:14.885838 [info ] [MainThread]:   priority: interactive
[0m11:08:14.886839 [info ] [MainThread]:   maximum_bytes_billed: None
[0m11:08:14.886839 [info ] [MainThread]:   impersonate_service_account: None
[0m11:08:14.886839 [info ] [MainThread]:   job_retry_deadline_seconds: None
[0m11:08:14.887838 [info ] [MainThread]:   job_retries: 1
[0m11:08:14.887838 [info ] [MainThread]:   job_creation_timeout_seconds: None
[0m11:08:14.888838 [info ] [MainThread]:   job_execution_timeout_seconds: 300
[0m11:08:14.888838 [info ] [MainThread]:   timeout_seconds: 300
[0m11:08:14.888838 [info ] [MainThread]:   client_id: None
[0m11:08:14.889843 [info ] [MainThread]:   token_uri: None
[0m11:08:14.889843 [info ] [MainThread]:   dataproc_region: None
[0m11:08:14.889843 [info ] [MainThread]:   dataproc_cluster_name: None
[0m11:08:14.890837 [info ] [MainThread]:   gcs_bucket: None
[0m11:08:14.891838 [info ] [MainThread]:   dataproc_batch: None
[0m11:08:14.891838 [info ] [MainThread]: Registered adapter: bigquery=1.7.8
[0m11:08:14.892837 [debug] [MainThread]: Acquiring new bigquery connection 'debug'
[0m11:08:14.892837 [debug] [MainThread]: Opening a new connection, currently in state init
[0m11:08:14.900844 [debug] [MainThread]: On debug: select 1 as id
[0m11:08:15.858021 [debug] [MainThread]: BigQuery adapter: https://console.cloud.google.com/bigquery?project=dbt-bigquery-422616&j=bq:US:629bbdc6-7c32-4551-8743-5f755abf512f&page=queryresults
[0m11:08:16.552589 [info ] [MainThread]:   Connection test: [[32mOK connection ok[0m]

[0m11:08:16.554598 [info ] [MainThread]: [31m1 check failed:[0m
[0m11:08:16.555588 [info ] [MainThread]: Project loading failed for the following reason:
 project path <C:\Dbt_BigQuery\dbt_project.yml> not found

[0m11:08:16.556589 [debug] [MainThread]: Command `dbt debug` failed at 11:08:16.556589 after 5.59 seconds
[0m11:08:16.557593 [debug] [MainThread]: Connection 'debug' was properly closed.
[0m11:08:16.558594 [debug] [MainThread]: Sending event: {'category': 'dbt', 'action': 'invocation', 'label': 'end', 'context': [<snowplow_tracker.self_describing_json.SelfDescribingJson object at 0x00000129FD834E10>, <snowplow_tracker.self_describing_json.SelfDescribingJson object at 0x00000129FDBEBCD0>, <snowplow_tracker.self_describing_json.SelfDescribingJson object at 0x00000129FDBE3DD0>]}
[0m11:08:16.560595 [debug] [MainThread]: Flushing usage events
